The target system is: Generic -  - 
The host system is: Linux - 5.0.0-29-generic - x86_64
Compiling the C compiler identification source file "CMakeCCompilerId.c" succeeded.
Compiler: /home/dtcarrot/.espressif/tools/xtensa-esp32-elf/esp32-2019r1-8.2.0/xtensa-esp32-elf/bin/xtensa-esp32-elf-gcc 
Build flags: -mlongcalls;-Wno-frame-address
Id flags:  

The output was:
0


Compilation of the C compiler identification source "CMakeCCompilerId.c" produced "a.out"

The C compiler identification is GNU, found in "/home/dtcarrot/esp/web_server/build/CMakeFiles/3.13.4/CompilerIdC/a.out"

Compiling the CXX compiler identification source file "CMakeCXXCompilerId.cpp" succeeded.
Compiler: /home/dtcarrot/.espressif/tools/xtensa-esp32-elf/esp32-2019r1-8.2.0/xtensa-esp32-elf/bin/xtensa-esp32-elf-g++ 
Build flags: -mlongcalls;-Wno-frame-address
Id flags:  

The output was:
0


Compilation of the CXX compiler identification source "CMakeCXXCompilerId.cpp" produced "a.out"

The CXX compiler identification is GNU, found in "/home/dtcarrot/esp/web_server/build/CMakeFiles/3.13.4/CompilerIdCXX/a.out"

Checking whether the ASM compiler is GNU using "--version" matched "(GNU assembler)|(GCC)|(Free Software Foundation)":
xtensa-esp32-elf-gcc (crosstool-NG esp32-2019r1) 8.2.0
Copyright (C) 2018 Free Software Foundation, Inc.
This is free software; see the source for copying conditions.  There is NO
warranty; not even for MERCHANTABILITY or FITNESS FOR A PARTICULAR PURPOSE.

Determining if the C compiler works passed with the following output:
Change Dir: /home/dtcarrot/esp/web_server/build/CMakeFiles/CMakeTmp

Run Build Command:"/usr/bin/make" "cmTC_1ef58/fast"
/usr/bin/make -f CMakeFiles/cmTC_1ef58.dir/build.make CMakeFiles/cmTC_1ef58.dir/build
make[1]: Entering directory '/home/dtcarrot/esp/web_server/build/CMakeFiles/CMakeTmp'
Building C object CMakeFiles/cmTC_1ef58.dir/testCCompiler.c.obj
/home/dtcarrot/.espressif/tools/xtensa-esp32-elf/esp32-2019r1-8.2.0/xtensa-esp32-elf/bin/xtensa-esp32-elf-gcc   -mlongcalls -Wno-frame-address    -o CMakeFiles/cmTC_1ef58.dir/testCCompiler.c.obj   -c /home/dtcarrot/esp/web_server/build/CMakeFiles/CMakeTmp/testCCompiler.c
Linking C executable cmTC_1ef58
/usr/bin/cmake -E cmake_link_script CMakeFiles/cmTC_1ef58.dir/link.txt --verbose=1
/home/dtcarrot/.espressif/tools/xtensa-esp32-elf/esp32-2019r1-8.2.0/xtensa-esp32-elf/bin/xtensa-esp32-elf-gcc -mlongcalls -Wno-frame-address   -nostdlib  CMakeFiles/cmTC_1ef58.dir/testCCompiler.c.obj  -o cmTC_1ef58 
/home/dtcarrot/.espressif/tools/xtensa-esp32-elf/esp32-2019r1-8.2.0/xtensa-esp32-elf/bin/../lib/gcc/xtensa-esp32-elf/8.2.0/../../../../xtensa-esp32-elf/bin/ld: warning: cannot find entry symbol _start; defaulting to 0000000000400054
make[1]: Leaving directory '/home/dtcarrot/esp/web_server/build/CMakeFiles/CMakeTmp'


Detecting C compiler ABI info compiled with the following output:
Change Dir: /home/dtcarrot/esp/web_server/build/CMakeFiles/CMakeTmp

Run Build Command:"/usr/bin/make" "cmTC_44f5f/fast"
/usr/bin/make -f CMakeFiles/cmTC_44f5f.dir/build.make CMakeFiles/cmTC_44f5f.dir/build
make[1]: Entering directory '/home/dtcarrot/esp/web_server/build/CMakeFiles/CMakeTmp'
Building C object CMakeFiles/cmTC_44f5f.dir/CMakeCCompilerABI.c.obj
/home/dtcarrot/.espressif/tools/xtensa-esp32-elf/esp32-2019r1-8.2.0/xtensa-esp32-elf/bin/xtensa-esp32-elf-gcc   -mlongcalls -Wno-frame-address    -o CMakeFiles/cmTC_44f5f.dir/CMakeCCompilerABI.c.obj   -c /usr/share/cmake-3.13/Modules/CMakeCCompilerABI.c
Linking C executable cmTC_44f5f
/usr/bin/cmake -E cmake_link_script CMakeFiles/cmTC_44f5f.dir/link.txt --verbose=1
/home/dtcarrot/.espressif/tools/xtensa-esp32-elf/esp32-2019r1-8.2.0/xtensa-esp32-elf/bin/xtensa-esp32-elf-gcc -mlongcalls -Wno-frame-address   -nostdlib -v CMakeFiles/cmTC_44f5f.dir/CMakeCCompilerABI.c.obj  -o cmTC_44f5f 
Using built-in specs.
COLLECT_GCC=/home/dtcarrot/.espressif/tools/xtensa-esp32-elf/esp32-2019r1-8.2.0/xtensa-esp32-elf/bin/xtensa-esp32-elf-gcc
COLLECT_LTO_WRAPPER=/home/dtcarrot/.espressif/tools/xtensa-esp32-elf/esp32-2019r1-8.2.0/xtensa-esp32-elf/bin/../libexec/gcc/xtensa-esp32-elf/8.2.0/lto-wrapper
Target: xtensa-esp32-elf
Configured with: /builds/idf/crosstool-NG/.build/xtensa-esp32-elf/src/gcc/configure --build=x86_64-build_pc-linux-gnu --host=x86_64-build_pc-linux-gnu --target=xtensa-esp32-elf --prefix=/builds/idf/crosstool-NG/builds/xtensa-esp32-elf --with-local-prefix=/builds/idf/crosstool-NG/builds/xtensa-esp32-elf/xtensa-esp32-elf --with-headers=/builds/idf/crosstool-NG/builds/xtensa-esp32-elf/xtensa-esp32-elf/include --with-newlib --enable-threads=no --disable-shared --with-pkgversion='crosstool-NG esp32-2019r1' --disable-__cxa_atexit --enable-cxx-flags='-fno-rtti -ffunction-sections' --disable-libgomp --disable-libmudflap --disable-libmpx --disable-libssp --disable-libquadmath --disable-libquadmath-support --with-gmp=/builds/idf/crosstool-NG/.build/xtensa-esp32-elf/buildtools --with-mpfr=/builds/idf/crosstool-NG/.build/xtensa-esp32-elf/buildtools --with-mpc=/builds/idf/crosstool-NG/.build/xtensa-esp32-elf/buildtools --with-isl=/builds/idf/crosstool-NG/.build/xtensa-esp32-elf/buildtools --enable-lto --enable-target-optspace --without-long-double-128 --disable-nls --enable-multiarch --enable-languages=c,c++ --disable-libstdcxx-verbose --enable-threads=posix --enable-gcov-custom-rtio --enable-libstdcxx-time=yes
Thread model: posix
gcc version 8.2.0 (crosstool-NG esp32-2019r1) 
COMPILER_PATH=/home/dtcarrot/.espressif/tools/xtensa-esp32-elf/esp32-2019r1-8.2.0/xtensa-esp32-elf/bin/../libexec/gcc/xtensa-esp32-elf/8.2.0/:/home/dtcarrot/.espressif/tools/xtensa-esp32-elf/esp32-2019r1-8.2.0/xtensa-esp32-elf/bin/../libexec/gcc/:/home/dtcarrot/.espressif/tools/xtensa-esp32-elf/esp32-2019r1-8.2.0/xtensa-esp32-elf/bin/../lib/gcc/xtensa-esp32-elf/8.2.0/../../../../xtensa-esp32-elf/bin/
LIBRARY_PATH=/home/dtcarrot/.espressif/tools/xtensa-esp32-elf/esp32-2019r1-8.2.0/xtensa-esp32-elf/bin/../lib/gcc/xtensa-esp32-elf/8.2.0/:/home/dtcarrot/.espressif/tools/xtensa-esp32-elf/esp32-2019r1-8.2.0/xtensa-esp32-elf/bin/../lib/gcc/:/home/dtcarrot/.espressif/tools/xtensa-esp32-elf/esp32-2019r1-8.2.0/xtensa-esp32-elf/bin/../lib/gcc/xtensa-esp32-elf/8.2.0/../../../../xtensa-esp32-elf/lib/
COLLECT_GCC_OPTIONS='-mlongcalls' '-Wno-frame-address' '-nostdlib' '-v' '-o' 'cmTC_44f5f'
 /home/dtcarrot/.espressif/tools/xtensa-esp32-elf/esp32-2019r1-8.2.0/xtensa-esp32-elf/bin/../libexec/gcc/xtensa-esp32-elf/8.2.0/collect2 -plugin /home/dtcarrot/.espressif/tools/xtensa-esp32-elf/esp32-2019r1-8.2.0/xtensa-esp32-elf/bin/../libexec/gcc/xtensa-esp32-elf/8.2.0/liblto_plugin.so -plugin-opt=/home/dtcarrot/.espressif/tools/xtensa-esp32-elf/esp32-2019r1-8.2.0/xtensa-esp32-elf/bin/../libexec/gcc/xtensa-esp32-elf/8.2.0/lto-wrapper -plugin-opt=-fresolution=/tmp/ccW3GBSJ.res -o cmTC_44f5f -L/home/dtcarrot/.espressif/tools/xtensa-esp32-elf/esp32-2019r1-8.2.0/xtensa-esp32-elf/bin/../lib/gcc/xtensa-esp32-elf/8.2.0 -L/home/dtcarrot/.espressif/tools/xtensa-esp32-elf/esp32-2019r1-8.2.0/xtensa-esp32-elf/bin/../lib/gcc -L/home/dtcarrot/.espressif/tools/xtensa-esp32-elf/esp32-2019r1-8.2.0/xtensa-esp32-elf/bin/../lib/gcc/xtensa-esp32-elf/8.2.0/../../../../xtensa-esp32-elf/lib CMakeFiles/cmTC_44f5f.dir/CMakeCCompilerABI.c.obj
/home/dtcarrot/.espressif/tools/xtensa-esp32-elf/esp32-2019r1-8.2.0/xtensa-esp32-elf/bin/../lib/gcc/xtensa-esp32-elf/8.2.0/../../../../xtensa-esp32-elf/bin/ld: warning: cannot find entry symbol _start; defaulting to 0000000000400054
COLLECT_GCC_OPTIONS='-mlongcalls' '-Wno-frame-address' '-nostdlib' '-v' '-o' 'cmTC_44f5f'
make[1]: Leaving directory '/home/dtcarrot/esp/web_server/build/CMakeFiles/CMakeTmp'


Parsed C implicit link information from above output:
  link line regex: [^( *|.*[/\])(xtensa-esp32-elf-ld|CMAKE_LINK_STARTFILE-NOTFOUND|([^/\]+-)?ld|collect2)[^/\]*( |$)]
  ignore line: [Change Dir: /home/dtcarrot/esp/web_server/build/CMakeFiles/CMakeTmp]
  ignore line: []
  ignore line: [Run Build Command:"/usr/bin/make" "cmTC_44f5f/fast"]
  ignore line: [/usr/bin/make -f CMakeFiles/cmTC_44f5f.dir/build.make CMakeFiles/cmTC_44f5f.dir/build]
  ignore line: [make[1]: Entering directory '/home/dtcarrot/esp/web_server/build/CMakeFiles/CMakeTmp']
  ignore line: [Building C object CMakeFiles/cmTC_44f5f.dir/CMakeCCompilerABI.c.obj]
  ignore line: [/home/dtcarrot/.espressif/tools/xtensa-esp32-elf/esp32-2019r1-8.2.0/xtensa-esp32-elf/bin/xtensa-esp32-elf-gcc   -mlongcalls -Wno-frame-address    -o CMakeFiles/cmTC_44f5f.dir/CMakeCCompilerABI.c.obj   -c /usr/share/cmake-3.13/Modules/CMakeCCompilerABI.c]
  ignore line: [Linking C executable cmTC_44f5f]
  ignore line: [/usr/bin/cmake -E cmake_link_script CMakeFiles/cmTC_44f5f.dir/link.txt --verbose=1]
  ignore line: [/home/dtcarrot/.espressif/tools/xtensa-esp32-elf/esp32-2019r1-8.2.0/xtensa-esp32-elf/bin/xtensa-esp32-elf-gcc -mlongcalls -Wno-frame-address   -nostdlib -v CMakeFiles/cmTC_44f5f.dir/CMakeCCompilerABI.c.obj  -o cmTC_44f5f ]
  ignore line: [Using built-in specs.]
  ignore line: [COLLECT_GCC=/home/dtcarrot/.espressif/tools/xtensa-esp32-elf/esp32-2019r1-8.2.0/xtensa-esp32-elf/bin/xtensa-esp32-elf-gcc]
  ignore line: [COLLECT_LTO_WRAPPER=/home/dtcarrot/.espressif/tools/xtensa-esp32-elf/esp32-2019r1-8.2.0/xtensa-esp32-elf/bin/../libexec/gcc/xtensa-esp32-elf/8.2.0/lto-wrapper]
  ignore line: [Target: xtensa-esp32-elf]
  ignore line: [Configured with: /builds/idf/crosstool-NG/.build/xtensa-esp32-elf/src/gcc/configure --build=x86_64-build_pc-linux-gnu --host=x86_64-build_pc-linux-gnu --target=xtensa-esp32-elf --prefix=/builds/idf/crosstool-NG/builds/xtensa-esp32-elf --with-local-prefix=/builds/idf/crosstool-NG/builds/xtensa-esp32-elf/xtensa-esp32-elf --with-headers=/builds/idf/crosstool-NG/builds/xtensa-esp32-elf/xtensa-esp32-elf/include --with-newlib --enable-threads=no --disable-shared --with-pkgversion='crosstool-NG esp32-2019r1' --disable-__cxa_atexit --enable-cxx-flags='-fno-rtti -ffunction-sections' --disable-libgomp --disable-libmudflap --disable-libmpx --disable-libssp --disable-libquadmath --disable-libquadmath-support --with-gmp=/builds/idf/crosstool-NG/.build/xtensa-esp32-elf/buildtools --with-mpfr=/builds/idf/crosstool-NG/.build/xtensa-esp32-elf/buildtools --with-mpc=/builds/idf/crosstool-NG/.build/xtensa-esp32-elf/buildtools --with-isl=/builds/idf/crosstool-NG/.build/xtensa-esp32-elf/buildtools --enable-lto --enable-target-optspace --without-long-double-128 --disable-nls --enable-multiarch --enable-languages=c,c++ --disable-libstdcxx-verbose --enable-threads=posix --enable-gcov-custom-rtio --enable-libstdcxx-time=yes]
  ignore line: [Thread model: posix]
  ignore line: [gcc version 8.2.0 (crosstool-NG esp32-2019r1) ]
  ignore line: [COMPILER_PATH=/home/dtcarrot/.espressif/tools/xtensa-esp32-elf/esp32-2019r1-8.2.0/xtensa-esp32-elf/bin/../libexec/gcc/xtensa-esp32-elf/8.2.0/:/home/dtcarrot/.espressif/tools/xtensa-esp32-elf/esp32-2019r1-8.2.0/xtensa-esp32-elf/bin/../libexec/gcc/:/home/dtcarrot/.espressif/tools/xtensa-esp32-elf/esp32-2019r1-8.2.0/xtensa-esp32-elf/bin/../lib/gcc/xtensa-esp32-elf/8.2.0/../../../../xtensa-esp32-elf/bin/]
  ignore line: [LIBRARY_PATH=/home/dtcarrot/.espressif/tools/xtensa-esp32-elf/esp32-2019r1-8.2.0/xtensa-esp32-elf/bin/../lib/gcc/xtensa-esp32-elf/8.2.0/:/home/dtcarrot/.espressif/tools/xtensa-esp32-elf/esp32-2019r1-8.2.0/xtensa-esp32-elf/bin/../lib/gcc/:/home/dtcarrot/.espressif/tools/xtensa-esp32-elf/esp32-2019r1-8.2.0/xtensa-esp32-elf/bin/../lib/gcc/xtensa-esp32-elf/8.2.0/../../../../xtensa-esp32-elf/lib/]
  ignore line: [COLLECT_GCC_OPTIONS='-mlongcalls' '-Wno-frame-address' '-nostdlib' '-v' '-o' 'cmTC_44f5f']
  link line: [ /home/dtcarrot/.espressif/tools/xtensa-esp32-elf/esp32-2019r1-8.2.0/xtensa-esp32-elf/bin/../libexec/gcc/xtensa-esp32-elf/8.2.0/collect2 -plugin /home/dtcarrot/.espressif/tools/xtensa-esp32-elf/esp32-2019r1-8.2.0/xtensa-esp32-elf/bin/../libexec/gcc/xtensa-esp32-elf/8.2.0/liblto_plugin.so -plugin-opt=/home/dtcarrot/.espressif/tools/xtensa-esp32-elf/esp32-2019r1-8.2.0/xtensa-esp32-elf/bin/../libexec/gcc/xtensa-esp32-elf/8.2.0/lto-wrapper -plugin-opt=-fresolution=/tmp/ccW3GBSJ.res -o cmTC_44f5f -L/home/dtcarrot/.espressif/tools/xtensa-esp32-elf/esp32-2019r1-8.2.0/xtensa-esp32-elf/bin/../lib/gcc/xtensa-esp32-elf/8.2.0 -L/home/dtcarrot/.espressif/tools/xtensa-esp32-elf/esp32-2019r1-8.2.0/xtensa-esp32-elf/bin/../lib/gcc -L/home/dtcarrot/.espressif/tools/xtensa-esp32-elf/esp32-2019r1-8.2.0/xtensa-esp32-elf/bin/../lib/gcc/xtensa-esp32-elf/8.2.0/../../../../xtensa-esp32-elf/lib CMakeFiles/cmTC_44f5f.dir/CMakeCCompilerABI.c.obj]
    arg [/home/dtcarrot/.espressif/tools/xtensa-esp32-elf/esp32-2019r1-8.2.0/xtensa-esp32-elf/bin/../libexec/gcc/xtensa-esp32-elf/8.2.0/collect2] ==> ignore
    arg [-plugin] ==> ignore
    arg [/home/dtcarrot/.espressif/tools/xtensa-esp32-elf/esp32-2019r1-8.2.0/xtensa-esp32-elf/bin/../libexec/gcc/xtensa-esp32-elf/8.2.0/liblto_plugin.so] ==> ignore
    arg [-plugin-opt=/home/dtcarrot/.espressif/tools/xtensa-esp32-elf/esp32-2019r1-8.2.0/xtensa-esp32-elf/bin/../libexec/gcc/xtensa-esp32-elf/8.2.0/lto-wrapper] ==> ignore
    arg [-plugin-opt=-fresolution=/tmp/ccW3GBSJ.res] ==> ignore
    arg [-o] ==> ignore
    arg [cmTC_44f5f] ==> ignore
    arg [-L/home/dtcarrot/.espressif/tools/xtensa-esp32-elf/esp32-2019r1-8.2.0/xtensa-esp32-elf/bin/../lib/gcc/xtensa-esp32-elf/8.2.0] ==> dir [/home/dtcarrot/.espressif/tools/xtensa-esp32-elf/esp32-2019r1-8.2.0/xtensa-esp32-elf/bin/../lib/gcc/xtensa-esp32-elf/8.2.0]
    arg [-L/home/dtcarrot/.espressif/tools/xtensa-esp32-elf/esp32-2019r1-8.2.0/xtensa-esp32-elf/bin/../lib/gcc] ==> dir [/home/dtcarrot/.espressif/tools/xtensa-esp32-elf/esp32-2019r1-8.2.0/xtensa-esp32-elf/bin/../lib/gcc]
    arg [-L/home/dtcarrot/.espressif/tools/xtensa-esp32-elf/esp32-2019r1-8.2.0/xtensa-esp32-elf/bin/../lib/gcc/xtensa-esp32-elf/8.2.0/../../../../xtensa-esp32-elf/lib] ==> dir [/home/dtcarrot/.espressif/tools/xtensa-esp32-elf/esp32-2019r1-8.2.0/xtensa-esp32-elf/bin/../lib/gcc/xtensa-esp32-elf/8.2.0/../../../../xtensa-esp32-elf/lib]
    arg [CMakeFiles/cmTC_44f5f.dir/CMakeCCompilerABI.c.obj] ==> ignore
  collapse library dir [/home/dtcarrot/.espressif/tools/xtensa-esp32-elf/esp32-2019r1-8.2.0/xtensa-esp32-elf/bin/../lib/gcc/xtensa-esp32-elf/8.2.0] ==> [/home/dtcarrot/.espressif/tools/xtensa-esp32-elf/esp32-2019r1-8.2.0/xtensa-esp32-elf/lib/gcc/xtensa-esp32-elf/8.2.0]
  collapse library dir [/home/dtcarrot/.espressif/tools/xtensa-esp32-elf/esp32-2019r1-8.2.0/xtensa-esp32-elf/bin/../lib/gcc] ==> [/home/dtcarrot/.espressif/tools/xtensa-esp32-elf/esp32-2019r1-8.2.0/xtensa-esp32-elf/lib/gcc]
  collapse library dir [/home/dtcarrot/.espressif/tools/xtensa-esp32-elf/esp32-2019r1-8.2.0/xtensa-esp32-elf/bin/../lib/gcc/xtensa-esp32-elf/8.2.0/../../../../xtensa-esp32-elf/lib] ==> [/home/dtcarrot/.espressif/tools/xtensa-esp32-elf/esp32-2019r1-8.2.0/xtensa-esp32-elf/xtensa-esp32-elf/lib]
  implicit libs: []
  implicit dirs: [/home/dtcarrot/.espressif/tools/xtensa-esp32-elf/esp32-2019r1-8.2.0/xtensa-esp32-elf/lib/gcc/xtensa-esp32-elf/8.2.0;/home/dtcarrot/.espressif/tools/xtensa-esp32-elf/esp32-2019r1-8.2.0/xtensa-esp32-elf/lib/gcc;/home/dtcarrot/.espressif/tools/xtensa-esp32-elf/esp32-2019r1-8.2.0/xtensa-esp32-elf/xtensa-esp32-elf/lib]
  implicit fwks: []




Detecting C [-std=c11] compiler features compiled with the following output:
Change Dir: /home/dtcarrot/esp/web_server/build/CMakeFiles/CMakeTmp

Run Build Command:"/usr/bin/make" "cmTC_aa1ce/fast"
/usr/bin/make -f CMakeFiles/cmTC_aa1ce.dir/build.make CMakeFiles/cmTC_aa1ce.dir/build
make[1]: Entering directory '/home/dtcarrot/esp/web_server/build/CMakeFiles/CMakeTmp'
Building C object CMakeFiles/cmTC_aa1ce.dir/feature_tests.c.obj
/home/dtcarrot/.espressif/tools/xtensa-esp32-elf/esp32-2019r1-8.2.0/xtensa-esp32-elf/bin/xtensa-esp32-elf-gcc   -mlongcalls -Wno-frame-address    -std=c11 -o CMakeFiles/cmTC_aa1ce.dir/feature_tests.c.obj   -c /home/dtcarrot/esp/web_server/build/CMakeFiles/feature_tests.c
Linking C executable cmTC_aa1ce
/usr/bin/cmake -E cmake_link_script CMakeFiles/cmTC_aa1ce.dir/link.txt --verbose=1
/home/dtcarrot/.espressif/tools/xtensa-esp32-elf/esp32-2019r1-8.2.0/xtensa-esp32-elf/bin/xtensa-esp32-elf-gcc -mlongcalls -Wno-frame-address   -nostdlib  CMakeFiles/cmTC_aa1ce.dir/feature_tests.c.obj  -o cmTC_aa1ce 
/home/dtcarrot/.espressif/tools/xtensa-esp32-elf/esp32-2019r1-8.2.0/xtensa-esp32-elf/bin/../lib/gcc/xtensa-esp32-elf/8.2.0/../../../../xtensa-esp32-elf/bin/ld: warning: cannot find entry symbol _start; defaulting to 0000000000400054
make[1]: Leaving directory '/home/dtcarrot/esp/web_server/build/CMakeFiles/CMakeTmp'


    Feature record: C_FEATURE:1c_function_prototypes
    Feature record: C_FEATURE:1c_restrict
    Feature record: C_FEATURE:1c_static_assert
    Feature record: C_FEATURE:1c_variadic_macros


Detecting C [-std=c99] compiler features compiled with the following output:
Change Dir: /home/dtcarrot/esp/web_server/build/CMakeFiles/CMakeTmp

Run Build Command:"/usr/bin/make" "cmTC_2a41d/fast"
/usr/bin/make -f CMakeFiles/cmTC_2a41d.dir/build.make CMakeFiles/cmTC_2a41d.dir/build
make[1]: Entering directory '/home/dtcarrot/esp/web_server/build/CMakeFiles/CMakeTmp'
Building C object CMakeFiles/cmTC_2a41d.dir/feature_tests.c.obj
/home/dtcarrot/.espressif/tools/xtensa-esp32-elf/esp32-2019r1-8.2.0/xtensa-esp32-elf/bin/xtensa-esp32-elf-gcc   -mlongcalls -Wno-frame-address    -std=c99 -o CMakeFiles/cmTC_2a41d.dir/feature_tests.c.obj   -c /home/dtcarrot/esp/web_server/build/CMakeFiles/feature_tests.c
Linking C executable cmTC_2a41d
/usr/bin/cmake -E cmake_link_script CMakeFiles/cmTC_2a41d.dir/link.txt --verbose=1
/home/dtcarrot/.espressif/tools/xtensa-esp32-elf/esp32-2019r1-8.2.0/xtensa-esp32-elf/bin/xtensa-esp32-elf-gcc -mlongcalls -Wno-frame-address   -nostdlib  CMakeFiles/cmTC_2a41d.dir/feature_tests.c.obj  -o cmTC_2a41d 
/home/dtcarrot/.espressif/tools/xtensa-esp32-elf/esp32-2019r1-8.2.0/xtensa-esp32-elf/bin/../lib/gcc/xtensa-esp32-elf/8.2.0/../../../../xtensa-esp32-elf/bin/ld: warning: cannot find entry symbol _start; defaulting to 0000000000400054
make[1]: Leaving directory '/home/dtcarrot/esp/web_server/build/CMakeFiles/CMakeTmp'


    Feature record: C_FEATURE:1c_function_prototypes
    Feature record: C_FEATURE:1c_restrict
    Feature record: C_FEATURE:0c_static_assert
    Feature record: C_FEATURE:1c_variadic_macros


Detecting C [-std=c90] compiler features compiled with the following output:
Change Dir: /home/dtcarrot/esp/web_server/build/CMakeFiles/CMakeTmp

Run Build Command:"/usr/bin/make" "cmTC_66c3d/fast"
/usr/bin/make -f CMakeFiles/cmTC_66c3d.dir/build.make CMakeFiles/cmTC_66c3d.dir/build
make[1]: Entering directory '/home/dtcarrot/esp/web_server/build/CMakeFiles/CMakeTmp'
Building C object CMakeFiles/cmTC_66c3d.dir/feature_tests.c.obj
/home/dtcarrot/.espressif/tools/xtensa-esp32-elf/esp32-2019r1-8.2.0/xtensa-esp32-elf/bin/xtensa-esp32-elf-gcc   -mlongcalls -Wno-frame-address    -std=c90 -o CMakeFiles/cmTC_66c3d.dir/feature_tests.c.obj   -c /home/dtcarrot/esp/web_server/build/CMakeFiles/feature_tests.c
Linking C executable cmTC_66c3d
/usr/bin/cmake -E cmake_link_script CMakeFiles/cmTC_66c3d.dir/link.txt --verbose=1
/home/dtcarrot/.espressif/tools/xtensa-esp32-elf/esp32-2019r1-8.2.0/xtensa-esp32-elf/bin/xtensa-esp32-elf-gcc -mlongcalls -Wno-frame-address   -nostdlib  CMakeFiles/cmTC_66c3d.dir/feature_tests.c.obj  -o cmTC_66c3d 
/home/dtcarrot/.espressif/tools/xtensa-esp32-elf/esp32-2019r1-8.2.0/xtensa-esp32-elf/bin/../lib/gcc/xtensa-esp32-elf/8.2.0/../../../../xtensa-esp32-elf/bin/ld: warning: cannot find entry symbol _start; defaulting to 0000000000400054
make[1]: Leaving directory '/home/dtcarrot/esp/web_server/build/CMakeFiles/CMakeTmp'


    Feature record: C_FEATURE:1c_function_prototypes
    Feature record: C_FEATURE:0c_restrict
    Feature record: C_FEATURE:0c_static_assert
    Feature record: C_FEATURE:0c_variadic_macros
Determining if the CXX compiler works passed with the following output:
Change Dir: /home/dtcarrot/esp/web_server/build/CMakeFiles/CMakeTmp

Run Build Command:"/usr/bin/make" "cmTC_c6f0b/fast"
/usr/bin/make -f CMakeFiles/cmTC_c6f0b.dir/build.make CMakeFiles/cmTC_c6f0b.dir/build
make[1]: Entering directory '/home/dtcarrot/esp/web_server/build/CMakeFiles/CMakeTmp'
Building CXX object CMakeFiles/cmTC_c6f0b.dir/testCXXCompiler.cxx.obj
/home/dtcarrot/.espressif/tools/xtensa-esp32-elf/esp32-2019r1-8.2.0/xtensa-esp32-elf/bin/xtensa-esp32-elf-g++    -mlongcalls -Wno-frame-address    -o CMakeFiles/cmTC_c6f0b.dir/testCXXCompiler.cxx.obj -c /home/dtcarrot/esp/web_server/build/CMakeFiles/CMakeTmp/testCXXCompiler.cxx
Linking CXX executable cmTC_c6f0b
/usr/bin/cmake -E cmake_link_script CMakeFiles/cmTC_c6f0b.dir/link.txt --verbose=1
/home/dtcarrot/.espressif/tools/xtensa-esp32-elf/esp32-2019r1-8.2.0/xtensa-esp32-elf/bin/xtensa-esp32-elf-g++  -mlongcalls -Wno-frame-address   -nostdlib  CMakeFiles/cmTC_c6f0b.dir/testCXXCompiler.cxx.obj  -o cmTC_c6f0b 
/home/dtcarrot/.espressif/tools/xtensa-esp32-elf/esp32-2019r1-8.2.0/xtensa-esp32-elf/bin/../lib/gcc/xtensa-esp32-elf/8.2.0/../../../../xtensa-esp32-elf/bin/ld: warning: cannot find entry symbol _start; defaulting to 0000000000400054
make[1]: Leaving directory '/home/dtcarrot/esp/web_server/build/CMakeFiles/CMakeTmp'


Detecting CXX compiler ABI info compiled with the following output:
Change Dir: /home/dtcarrot/esp/web_server/build/CMakeFiles/CMakeTmp

Run Build Command:"/usr/bin/make" "cmTC_7935c/fast"
/usr/bin/make -f CMakeFiles/cmTC_7935c.dir/build.make CMakeFiles/cmTC_7935c.dir/build
make[1]: Entering directory '/home/dtcarrot/esp/web_server/build/CMakeFiles/CMakeTmp'
Building CXX object CMakeFiles/cmTC_7935c.dir/CMakeCXXCompilerABI.cpp.obj
/home/dtcarrot/.espressif/tools/xtensa-esp32-elf/esp32-2019r1-8.2.0/xtensa-esp32-elf/bin/xtensa-esp32-elf-g++    -mlongcalls -Wno-frame-address    -o CMakeFiles/cmTC_7935c.dir/CMakeCXXCompilerABI.cpp.obj -c /usr/share/cmake-3.13/Modules/CMakeCXXCompilerABI.cpp
Linking CXX executable cmTC_7935c
/usr/bin/cmake -E cmake_link_script CMakeFiles/cmTC_7935c.dir/link.txt --verbose=1
/home/dtcarrot/.espressif/tools/xtensa-esp32-elf/esp32-2019r1-8.2.0/xtensa-esp32-elf/bin/xtensa-esp32-elf-g++  -mlongcalls -Wno-frame-address   -nostdlib -v CMakeFiles/cmTC_7935c.dir/CMakeCXXCompilerABI.cpp.obj  -o cmTC_7935c 
Using built-in specs.
COLLECT_GCC=/home/dtcarrot/.espressif/tools/xtensa-esp32-elf/esp32-2019r1-8.2.0/xtensa-esp32-elf/bin/xtensa-esp32-elf-g++
COLLECT_LTO_WRAPPER=/home/dtcarrot/.espressif/tools/xtensa-esp32-elf/esp32-2019r1-8.2.0/xtensa-esp32-elf/bin/../libexec/gcc/xtensa-esp32-elf/8.2.0/lto-wrapper
Target: xtensa-esp32-elf
Configured with: /builds/idf/crosstool-NG/.build/xtensa-esp32-elf/src/gcc/configure --build=x86_64-build_pc-linux-gnu --host=x86_64-build_pc-linux-gnu --target=xtensa-esp32-elf --prefix=/builds/idf/crosstool-NG/builds/xtensa-esp32-elf --with-local-prefix=/builds/idf/crosstool-NG/builds/xtensa-esp32-elf/xtensa-esp32-elf --with-headers=/builds/idf/crosstool-NG/builds/xtensa-esp32-elf/xtensa-esp32-elf/include --with-newlib --enable-threads=no --disable-shared --with-pkgversion='crosstool-NG esp32-2019r1' --disable-__cxa_atexit --enable-cxx-flags='-fno-rtti -ffunction-sections' --disable-libgomp --disable-libmudflap --disable-libmpx --disable-libssp --disable-libquadmath --disable-libquadmath-support --with-gmp=/builds/idf/crosstool-NG/.build/xtensa-esp32-elf/buildtools --with-mpfr=/builds/idf/crosstool-NG/.build/xtensa-esp32-elf/buildtools --with-mpc=/builds/idf/crosstool-NG/.build/xtensa-esp32-elf/buildtools --with-isl=/builds/idf/crosstool-NG/.build/xtensa-esp32-elf/buildtools --enable-lto --enable-target-optspace --without-long-double-128 --disable-nls --enable-multiarch --enable-languages=c,c++ --disable-libstdcxx-verbose --enable-threads=posix --enable-gcov-custom-rtio --enable-libstdcxx-time=yes
Thread model: posix
gcc version 8.2.0 (crosstool-NG esp32-2019r1) 
COMPILER_PATH=/home/dtcarrot/.espressif/tools/xtensa-esp32-elf/esp32-2019r1-8.2.0/xtensa-esp32-elf/bin/../libexec/gcc/xtensa-esp32-elf/8.2.0/:/home/dtcarrot/.espressif/tools/xtensa-esp32-elf/esp32-2019r1-8.2.0/xtensa-esp32-elf/bin/../libexec/gcc/:/home/dtcarrot/.espressif/tools/xtensa-esp32-elf/esp32-2019r1-8.2.0/xtensa-esp32-elf/bin/../lib/gcc/xtensa-esp32-elf/8.2.0/../../../../xtensa-esp32-elf/bin/
LIBRARY_PATH=/home/dtcarrot/.espressif/tools/xtensa-esp32-elf/esp32-2019r1-8.2.0/xtensa-esp32-elf/bin/../lib/gcc/xtensa-esp32-elf/8.2.0/:/home/dtcarrot/.espressif/tools/xtensa-esp32-elf/esp32-2019r1-8.2.0/xtensa-esp32-elf/bin/../lib/gcc/:/home/dtcarrot/.espressif/tools/xtensa-esp32-elf/esp32-2019r1-8.2.0/xtensa-esp32-elf/bin/../lib/gcc/xtensa-esp32-elf/8.2.0/../../../../xtensa-esp32-elf/lib/
COLLECT_GCC_OPTIONS='-mlongcalls' '-Wno-frame-address' '-nostdlib' '-v' '-o' 'cmTC_7935c'
 /home/dtcarrot/.espressif/tools/xtensa-esp32-elf/esp32-2019r1-8.2.0/xtensa-esp32-elf/bin/../libexec/gcc/xtensa-esp32-elf/8.2.0/collect2 -plugin /home/dtcarrot/.espressif/tools/xtensa-esp32-elf/esp32-2019r1-8.2.0/xtensa-esp32-elf/bin/../libexec/gcc/xtensa-esp32-elf/8.2.0/liblto_plugin.so -plugin-opt=/home/dtcarrot/.espressif/tools/xtensa-esp32-elf/esp32-2019r1-8.2.0/xtensa-esp32-elf/bin/../libexec/gcc/xtensa-esp32-elf/8.2.0/lto-wrapper -plugin-opt=-fresolution=/tmp/ccVImFzP.res -o cmTC_7935c -L/home/dtcarrot/.espressif/tools/xtensa-esp32-elf/esp32-2019r1-8.2.0/xtensa-esp32-elf/bin/../lib/gcc/xtensa-esp32-elf/8.2.0 -L/home/dtcarrot/.espressif/tools/xtensa-esp32-elf/esp32-2019r1-8.2.0/xtensa-esp32-elf/bin/../lib/gcc -L/home/dtcarrot/.espressif/tools/xtensa-esp32-elf/esp32-2019r1-8.2.0/xtensa-esp32-elf/bin/../lib/gcc/xtensa-esp32-elf/8.2.0/../../../../xtensa-esp32-elf/lib CMakeFiles/cmTC_7935c.dir/CMakeCXXCompilerABI.cpp.obj
/home/dtcarrot/.espressif/tools/xtensa-esp32-elf/esp32-2019r1-8.2.0/xtensa-esp32-elf/bin/../lib/gcc/xtensa-esp32-elf/8.2.0/../../../../xtensa-esp32-elf/bin/ld: warning: cannot find entry symbol _start; defaulting to 0000000000400054
COLLECT_GCC_OPTIONS='-mlongcalls' '-Wno-frame-address' '-nostdlib' '-v' '-o' 'cmTC_7935c'
make[1]: Leaving directory '/home/dtcarrot/esp/web_server/build/CMakeFiles/CMakeTmp'


Parsed CXX implicit link information from above output:
  link line regex: [^( *|.*[/\])(xtensa-esp32-elf-ld|CMAKE_LINK_STARTFILE-NOTFOUND|([^/\]+-)?ld|collect2)[^/\]*( |$)]
  ignore line: [Change Dir: /home/dtcarrot/esp/web_server/build/CMakeFiles/CMakeTmp]
  ignore line: []
  ignore line: [Run Build Command:"/usr/bin/make" "cmTC_7935c/fast"]
  ignore line: [/usr/bin/make -f CMakeFiles/cmTC_7935c.dir/build.make CMakeFiles/cmTC_7935c.dir/build]
  ignore line: [make[1]: Entering directory '/home/dtcarrot/esp/web_server/build/CMakeFiles/CMakeTmp']
  ignore line: [Building CXX object CMakeFiles/cmTC_7935c.dir/CMakeCXXCompilerABI.cpp.obj]
  ignore line: [/home/dtcarrot/.espressif/tools/xtensa-esp32-elf/esp32-2019r1-8.2.0/xtensa-esp32-elf/bin/xtensa-esp32-elf-g++    -mlongcalls -Wno-frame-address    -o CMakeFiles/cmTC_7935c.dir/CMakeCXXCompilerABI.cpp.obj -c /usr/share/cmake-3.13/Modules/CMakeCXXCompilerABI.cpp]
  ignore line: [Linking CXX executable cmTC_7935c]
  ignore line: [/usr/bin/cmake -E cmake_link_script CMakeFiles/cmTC_7935c.dir/link.txt --verbose=1]
  ignore line: [/home/dtcarrot/.espressif/tools/xtensa-esp32-elf/esp32-2019r1-8.2.0/xtensa-esp32-elf/bin/xtensa-esp32-elf-g++  -mlongcalls -Wno-frame-address   -nostdlib -v CMakeFiles/cmTC_7935c.dir/CMakeCXXCompilerABI.cpp.obj  -o cmTC_7935c ]
  ignore line: [Using built-in specs.]
  ignore line: [COLLECT_GCC=/home/dtcarrot/.espressif/tools/xtensa-esp32-elf/esp32-2019r1-8.2.0/xtensa-esp32-elf/bin/xtensa-esp32-elf-g++]
  ignore line: [COLLECT_LTO_WRAPPER=/home/dtcarrot/.espressif/tools/xtensa-esp32-elf/esp32-2019r1-8.2.0/xtensa-esp32-elf/bin/../libexec/gcc/xtensa-esp32-elf/8.2.0/lto-wrapper]
  ignore line: [Target: xtensa-esp32-elf]
  ignore line: [Configured with: /builds/idf/crosstool-NG/.build/xtensa-esp32-elf/src/gcc/configure --build=x86_64-build_pc-linux-gnu --host=x86_64-build_pc-linux-gnu --target=xtensa-esp32-elf --prefix=/builds/idf/crosstool-NG/builds/xtensa-esp32-elf --with-local-prefix=/builds/idf/crosstool-NG/builds/xtensa-esp32-elf/xtensa-esp32-elf --with-headers=/builds/idf/crosstool-NG/builds/xtensa-esp32-elf/xtensa-esp32-elf/include --with-newlib --enable-threads=no --disable-shared --with-pkgversion='crosstool-NG esp32-2019r1' --disable-__cxa_atexit --enable-cxx-flags='-fno-rtti -ffunction-sections' --disable-libgomp --disable-libmudflap --disable-libmpx --disable-libssp --disable-libquadmath --disable-libquadmath-support --with-gmp=/builds/idf/crosstool-NG/.build/xtensa-esp32-elf/buildtools --with-mpfr=/builds/idf/crosstool-NG/.build/xtensa-esp32-elf/buildtools --with-mpc=/builds/idf/crosstool-NG/.build/xtensa-esp32-elf/buildtools --with-isl=/builds/idf/crosstool-NG/.build/xtensa-esp32-elf/buildtools --enable-lto --enable-target-optspace --without-long-double-128 --disable-nls --enable-multiarch --enable-languages=c,c++ --disable-libstdcxx-verbose --enable-threads=posix --enable-gcov-custom-rtio --enable-libstdcxx-time=yes]
  ignore line: [Thread model: posix]
  ignore line: [gcc version 8.2.0 (crosstool-NG esp32-2019r1) ]
  ignore line: [COMPILER_PATH=/home/dtcarrot/.espressif/tools/xtensa-esp32-elf/esp32-2019r1-8.2.0/xtensa-esp32-elf/bin/../libexec/gcc/xtensa-esp32-elf/8.2.0/:/home/dtcarrot/.espressif/tools/xtensa-esp32-elf/esp32-2019r1-8.2.0/xtensa-esp32-elf/bin/../libexec/gcc/:/home/dtcarrot/.espressif/tools/xtensa-esp32-elf/esp32-2019r1-8.2.0/xtensa-esp32-elf/bin/../lib/gcc/xtensa-esp32-elf/8.2.0/../../../../xtensa-esp32-elf/bin/]
  ignore line: [LIBRARY_PATH=/home/dtcarrot/.espressif/tools/xtensa-esp32-elf/esp32-2019r1-8.2.0/xtensa-esp32-elf/bin/../lib/gcc/xtensa-esp32-elf/8.2.0/:/home/dtcarrot/.espressif/tools/xtensa-esp32-elf/esp32-2019r1-8.2.0/xtensa-esp32-elf/bin/../lib/gcc/:/home/dtcarrot/.espressif/tools/xtensa-esp32-elf/esp32-2019r1-8.2.0/xtensa-esp32-elf/bin/../lib/gcc/xtensa-esp32-elf/8.2.0/../../../../xtensa-esp32-elf/lib/]
  ignore line: [COLLECT_GCC_OPTIONS='-mlongcalls' '-Wno-frame-address' '-nostdlib' '-v' '-o' 'cmTC_7935c']
  link line: [ /home/dtcarrot/.espressif/tools/xtensa-esp32-elf/esp32-2019r1-8.2.0/xtensa-esp32-elf/bin/../libexec/gcc/xtensa-esp32-elf/8.2.0/collect2 -plugin /home/dtcarrot/.espressif/tools/xtensa-esp32-elf/esp32-2019r1-8.2.0/xtensa-esp32-elf/bin/../libexec/gcc/xtensa-esp32-elf/8.2.0/liblto_plugin.so -plugin-opt=/home/dtcarrot/.espressif/tools/xtensa-esp32-elf/esp32-2019r1-8.2.0/xtensa-esp32-elf/bin/../libexec/gcc/xtensa-esp32-elf/8.2.0/lto-wrapper -plugin-opt=-fresolution=/tmp/ccVImFzP.res -o cmTC_7935c -L/home/dtcarrot/.espressif/tools/xtensa-esp32-elf/esp32-2019r1-8.2.0/xtensa-esp32-elf/bin/../lib/gcc/xtensa-esp32-elf/8.2.0 -L/home/dtcarrot/.espressif/tools/xtensa-esp32-elf/esp32-2019r1-8.2.0/xtensa-esp32-elf/bin/../lib/gcc -L/home/dtcarrot/.espressif/tools/xtensa-esp32-elf/esp32-2019r1-8.2.0/xtensa-esp32-elf/bin/../lib/gcc/xtensa-esp32-elf/8.2.0/../../../../xtensa-esp32-elf/lib CMakeFiles/cmTC_7935c.dir/CMakeCXXCompilerABI.cpp.obj]
    arg [/home/dtcarrot/.espressif/tools/xtensa-esp32-elf/esp32-2019r1-8.2.0/xtensa-esp32-elf/bin/../libexec/gcc/xtensa-esp32-elf/8.2.0/collect2] ==> ignore
    arg [-plugin] ==> ignore
    arg [/home/dtcarrot/.espressif/tools/xtensa-esp32-elf/esp32-2019r1-8.2.0/xtensa-esp32-elf/bin/../libexec/gcc/xtensa-esp32-elf/8.2.0/liblto_plugin.so] ==> ignore
    arg [-plugin-opt=/home/dtcarrot/.espressif/tools/xtensa-esp32-elf/esp32-2019r1-8.2.0/xtensa-esp32-elf/bin/../libexec/gcc/xtensa-esp32-elf/8.2.0/lto-wrapper] ==> ignore
    arg [-plugin-opt=-fresolution=/tmp/ccVImFzP.res] ==> ignore
    arg [-o] ==> ignore
    arg [cmTC_7935c] ==> ignore
    arg [-L/home/dtcarrot/.espressif/tools/xtensa-esp32-elf/esp32-2019r1-8.2.0/xtensa-esp32-elf/bin/../lib/gcc/xtensa-esp32-elf/8.2.0] ==> dir [/home/dtcarrot/.espressif/tools/xtensa-esp32-elf/esp32-2019r1-8.2.0/xtensa-esp32-elf/bin/../lib/gcc/xtensa-esp32-elf/8.2.0]
    arg [-L/home/dtcarrot/.espressif/tools/xtensa-esp32-elf/esp32-2019r1-8.2.0/xtensa-esp32-elf/bin/../lib/gcc] ==> dir [/home/dtcarrot/.espressif/tools/xtensa-esp32-elf/esp32-2019r1-8.2.0/xtensa-esp32-elf/bin/../lib/gcc]
    arg [-L/home/dtcarrot/.espressif/tools/xtensa-esp32-elf/esp32-2019r1-8.2.0/xtensa-esp32-elf/bin/../lib/gcc/xtensa-esp32-elf/8.2.0/../../../../xtensa-esp32-elf/lib] ==> dir [/home/dtcarrot/.espressif/tools/xtensa-esp32-elf/esp32-2019r1-8.2.0/xtensa-esp32-elf/bin/../lib/gcc/xtensa-esp32-elf/8.2.0/../../../../xtensa-esp32-elf/lib]
    arg [CMakeFiles/cmTC_7935c.dir/CMakeCXXCompilerABI.cpp.obj] ==> ignore
  collapse library dir [/home/dtcarrot/.espressif/tools/xtensa-esp32-elf/esp32-2019r1-8.2.0/xtensa-esp32-elf/bin/../lib/gcc/xtensa-esp32-elf/8.2.0] ==> [/home/dtcarrot/.espressif/tools/xtensa-esp32-elf/esp32-2019r1-8.2.0/xtensa-esp32-elf/lib/gcc/xtensa-esp32-elf/8.2.0]
  collapse library dir [/home/dtcarrot/.espressif/tools/xtensa-esp32-elf/esp32-2019r1-8.2.0/xtensa-esp32-elf/bin/../lib/gcc] ==> [/home/dtcarrot/.espressif/tools/xtensa-esp32-elf/esp32-2019r1-8.2.0/xtensa-esp32-elf/lib/gcc]
  collapse library dir [/home/dtcarrot/.espressif/tools/xtensa-esp32-elf/esp32-2019r1-8.2.0/xtensa-esp32-elf/bin/../lib/gcc/xtensa-esp32-elf/8.2.0/../../../../xtensa-esp32-elf/lib] ==> [/home/dtcarrot/.espressif/tools/xtensa-esp32-elf/esp32-2019r1-8.2.0/xtensa-esp32-elf/xtensa-esp32-elf/lib]
  implicit libs: []
  implicit dirs: [/home/dtcarrot/.espressif/tools/xtensa-esp32-elf/esp32-2019r1-8.2.0/xtensa-esp32-elf/lib/gcc/xtensa-esp32-elf/8.2.0;/home/dtcarrot/.espressif/tools/xtensa-esp32-elf/esp32-2019r1-8.2.0/xtensa-esp32-elf/lib/gcc;/home/dtcarrot/.espressif/tools/xtensa-esp32-elf/esp32-2019r1-8.2.0/xtensa-esp32-elf/xtensa-esp32-elf/lib]
  implicit fwks: []




Detecting CXX [-std=c++2a] compiler features compiled with the following output:
Change Dir: /home/dtcarrot/esp/web_server/build/CMakeFiles/CMakeTmp

Run Build Command:"/usr/bin/make" "cmTC_06e78/fast"
/usr/bin/make -f CMakeFiles/cmTC_06e78.dir/build.make CMakeFiles/cmTC_06e78.dir/build
make[1]: Entering directory '/home/dtcarrot/esp/web_server/build/CMakeFiles/CMakeTmp'
Building CXX object CMakeFiles/cmTC_06e78.dir/feature_tests.cxx.obj
/home/dtcarrot/.espressif/tools/xtensa-esp32-elf/esp32-2019r1-8.2.0/xtensa-esp32-elf/bin/xtensa-esp32-elf-g++    -mlongcalls -Wno-frame-address    -std=c++2a -o CMakeFiles/cmTC_06e78.dir/feature_tests.cxx.obj -c /home/dtcarrot/esp/web_server/build/CMakeFiles/feature_tests.cxx
Linking CXX executable cmTC_06e78
/usr/bin/cmake -E cmake_link_script CMakeFiles/cmTC_06e78.dir/link.txt --verbose=1
/home/dtcarrot/.espressif/tools/xtensa-esp32-elf/esp32-2019r1-8.2.0/xtensa-esp32-elf/bin/xtensa-esp32-elf-g++  -mlongcalls -Wno-frame-address   -nostdlib  CMakeFiles/cmTC_06e78.dir/feature_tests.cxx.obj  -o cmTC_06e78 
/home/dtcarrot/.espressif/tools/xtensa-esp32-elf/esp32-2019r1-8.2.0/xtensa-esp32-elf/bin/../lib/gcc/xtensa-esp32-elf/8.2.0/../../../../xtensa-esp32-elf/bin/ld: warning: cannot find entry symbol _start; defaulting to 0000000000400054
make[1]: Leaving directory '/home/dtcarrot/esp/web_server/build/CMakeFiles/CMakeTmp'


    Feature record: CXX_FEATURE:1cxx_aggregate_default_initializers
    Feature record: CXX_FEATURE:1cxx_alias_templates
    Feature record: CXX_FEATURE:1cxx_alignas
    Feature record: CXX_FEATURE:1cxx_alignof
    Feature record: CXX_FEATURE:1cxx_attributes
    Feature record: CXX_FEATURE:1cxx_attribute_deprecated
    Feature record: CXX_FEATURE:1cxx_auto_type
    Feature record: CXX_FEATURE:1cxx_binary_literals
    Feature record: CXX_FEATURE:1cxx_constexpr
    Feature record: CXX_FEATURE:1cxx_contextual_conversions
    Feature record: CXX_FEATURE:1cxx_decltype
    Feature record: CXX_FEATURE:1cxx_decltype_auto
    Feature record: CXX_FEATURE:1cxx_decltype_incomplete_return_types
    Feature record: CXX_FEATURE:1cxx_default_function_template_args
    Feature record: CXX_FEATURE:1cxx_defaulted_functions
    Feature record: CXX_FEATURE:1cxx_defaulted_move_initializers
    Feature record: CXX_FEATURE:1cxx_delegating_constructors
    Feature record: CXX_FEATURE:1cxx_deleted_functions
    Feature record: CXX_FEATURE:1cxx_digit_separators
    Feature record: CXX_FEATURE:1cxx_enum_forward_declarations
    Feature record: CXX_FEATURE:1cxx_explicit_conversions
    Feature record: CXX_FEATURE:1cxx_extended_friend_declarations
    Feature record: CXX_FEATURE:1cxx_extern_templates
    Feature record: CXX_FEATURE:1cxx_final
    Feature record: CXX_FEATURE:1cxx_func_identifier
    Feature record: CXX_FEATURE:1cxx_generalized_initializers
    Feature record: CXX_FEATURE:1cxx_generic_lambdas
    Feature record: CXX_FEATURE:1cxx_inheriting_constructors
    Feature record: CXX_FEATURE:1cxx_inline_namespaces
    Feature record: CXX_FEATURE:1cxx_lambdas
    Feature record: CXX_FEATURE:1cxx_lambda_init_captures
    Feature record: CXX_FEATURE:1cxx_local_type_template_args
    Feature record: CXX_FEATURE:1cxx_long_long_type
    Feature record: CXX_FEATURE:1cxx_noexcept
    Feature record: CXX_FEATURE:1cxx_nonstatic_member_init
    Feature record: CXX_FEATURE:1cxx_nullptr
    Feature record: CXX_FEATURE:1cxx_override
    Feature record: CXX_FEATURE:1cxx_range_for
    Feature record: CXX_FEATURE:1cxx_raw_string_literals
    Feature record: CXX_FEATURE:1cxx_reference_qualified_functions
    Feature record: CXX_FEATURE:1cxx_relaxed_constexpr
    Feature record: CXX_FEATURE:1cxx_return_type_deduction
    Feature record: CXX_FEATURE:1cxx_right_angle_brackets
    Feature record: CXX_FEATURE:1cxx_rvalue_references
    Feature record: CXX_FEATURE:1cxx_sizeof_member
    Feature record: CXX_FEATURE:1cxx_static_assert
    Feature record: CXX_FEATURE:1cxx_strong_enums
    Feature record: CXX_FEATURE:1cxx_template_template_parameters
    Feature record: CXX_FEATURE:1cxx_thread_local
    Feature record: CXX_FEATURE:1cxx_trailing_return_types
    Feature record: CXX_FEATURE:1cxx_unicode_literals
    Feature record: CXX_FEATURE:1cxx_uniform_initialization
    Feature record: CXX_FEATURE:1cxx_unrestricted_unions
    Feature record: CXX_FEATURE:1cxx_user_literals
    Feature record: CXX_FEATURE:1cxx_variable_templates
    Feature record: CXX_FEATURE:1cxx_variadic_macros
    Feature record: CXX_FEATURE:1cxx_variadic_templates


Detecting CXX [-std=c++17] compiler features compiled with the following output:
Change Dir: /home/dtcarrot/esp/web_server/build/CMakeFiles/CMakeTmp

Run Build Command:"/usr/bin/make" "cmTC_e75d9/fast"
/usr/bin/make -f CMakeFiles/cmTC_e75d9.dir/build.make CMakeFiles/cmTC_e75d9.dir/build
make[1]: Entering directory '/home/dtcarrot/esp/web_server/build/CMakeFiles/CMakeTmp'
Building CXX object CMakeFiles/cmTC_e75d9.dir/feature_tests.cxx.obj
/home/dtcarrot/.espressif/tools/xtensa-esp32-elf/esp32-2019r1-8.2.0/xtensa-esp32-elf/bin/xtensa-esp32-elf-g++    -mlongcalls -Wno-frame-address    -std=c++17 -o CMakeFiles/cmTC_e75d9.dir/feature_tests.cxx.obj -c /home/dtcarrot/esp/web_server/build/CMakeFiles/feature_tests.cxx
Linking CXX executable cmTC_e75d9
/usr/bin/cmake -E cmake_link_script CMakeFiles/cmTC_e75d9.dir/link.txt --verbose=1
/home/dtcarrot/.espressif/tools/xtensa-esp32-elf/esp32-2019r1-8.2.0/xtensa-esp32-elf/bin/xtensa-esp32-elf-g++  -mlongcalls -Wno-frame-address   -nostdlib  CMakeFiles/cmTC_e75d9.dir/feature_tests.cxx.obj  -o cmTC_e75d9 
/home/dtcarrot/.espressif/tools/xtensa-esp32-elf/esp32-2019r1-8.2.0/xtensa-esp32-elf/bin/../lib/gcc/xtensa-esp32-elf/8.2.0/../../../../xtensa-esp32-elf/bin/ld: warning: cannot find entry symbol _start; defaulting to 0000000000400054
make[1]: Leaving directory '/home/dtcarrot/esp/web_server/build/CMakeFiles/CMakeTmp'


    Feature record: CXX_FEATURE:1cxx_aggregate_default_initializers
    Feature record: CXX_FEATURE:1cxx_alias_templates
    Feature record: CXX_FEATURE:1cxx_alignas
    Feature record: CXX_FEATURE:1cxx_alignof
    Feature record: CXX_FEATURE:1cxx_attributes
    Feature record: CXX_FEATURE:1cxx_attribute_deprecated
    Feature record: CXX_FEATURE:1cxx_auto_type
    Feature record: CXX_FEATURE:1cxx_binary_literals
    Feature record: CXX_FEATURE:1cxx_constexpr
    Feature record: CXX_FEATURE:1cxx_contextual_conversions
    Feature record: CXX_FEATURE:1cxx_decltype
    Feature record: CXX_FEATURE:1cxx_decltype_auto
    Feature record: CXX_FEATURE:1cxx_decltype_incomplete_return_types
    Feature record: CXX_FEATURE:1cxx_default_function_template_args
    Feature record: CXX_FEATURE:1cxx_defaulted_functions
    Feature record: CXX_FEATURE:1cxx_defaulted_move_initializers
    Feature record: CXX_FEATURE:1cxx_delegating_constructors
    Feature record: CXX_FEATURE:1cxx_deleted_functions
    Feature record: CXX_FEATURE:1cxx_digit_separators
    Feature record: CXX_FEATURE:1cxx_enum_forward_declarations
    Feature record: CXX_FEATURE:1cxx_explicit_conversions
    Feature record: CXX_FEATURE:1cxx_extended_friend_declarations
    Feature record: CXX_FEATURE:1cxx_extern_templates
    Feature record: CXX_FEATURE:1cxx_final
    Feature record: CXX_FEATURE:1cxx_func_identifier
    Feature record: CXX_FEATURE:1cxx_generalized_initializers
    Feature record: CXX_FEATURE:1cxx_generic_lambdas
    Feature record: CXX_FEATURE:1cxx_inheriting_constructors
    Feature record: CXX_FEATURE:1cxx_inline_namespaces
    Feature record: CXX_FEATURE:1cxx_lambdas
    Feature record: CXX_FEATURE:1cxx_lambda_init_captures
    Feature record: CXX_FEATURE:1cxx_local_type_template_args
    Feature record: CXX_FEATURE:1cxx_long_long_type
    Feature record: CXX_FEATURE:1cxx_noexcept
    Feature record: CXX_FEATURE:1cxx_nonstatic_member_init
    Feature record: CXX_FEATURE:1cxx_nullptr
    Feature record: CXX_FEATURE:1cxx_override
    Feature record: CXX_FEATURE:1cxx_range_for
    Feature record: CXX_FEATURE:1cxx_raw_string_literals
    Feature record: CXX_FEATURE:1cxx_reference_qualified_functions
    Feature record: CXX_FEATURE:1cxx_relaxed_constexpr
    Feature record: CXX_FEATURE:1cxx_return_type_deduction
    Feature record: CXX_FEATURE:1cxx_right_angle_brackets
    Feature record: CXX_FEATURE:1cxx_rvalue_references
    Feature record: CXX_FEATURE:1cxx_sizeof_member
    Feature record: CXX_FEATURE:1cxx_static_assert
    Feature record: CXX_FEATURE:1cxx_strong_enums
    Feature record: CXX_FEATURE:1cxx_template_template_parameters
    Feature record: CXX_FEATURE:1cxx_thread_local
    Feature record: CXX_FEATURE:1cxx_trailing_return_types
    Feature record: CXX_FEATURE:1cxx_unicode_literals
    Feature record: CXX_FEATURE:1cxx_uniform_initialization
    Feature record: CXX_FEATURE:1cxx_unrestricted_unions
    Feature record: CXX_FEATURE:1cxx_user_literals
    Feature record: CXX_FEATURE:1cxx_variable_templates
    Feature record: CXX_FEATURE:1cxx_variadic_macros
    Feature record: CXX_FEATURE:1cxx_variadic_templates


Detecting CXX [-std=c++14] compiler features compiled with the following output:
Change Dir: /home/dtcarrot/esp/web_server/build/CMakeFiles/CMakeTmp

Run Build Command:"/usr/bin/make" "cmTC_d3c72/fast"
/usr/bin/make -f CMakeFiles/cmTC_d3c72.dir/build.make CMakeFiles/cmTC_d3c72.dir/build
make[1]: Entering directory '/home/dtcarrot/esp/web_server/build/CMakeFiles/CMakeTmp'
Building CXX object CMakeFiles/cmTC_d3c72.dir/feature_tests.cxx.obj
/home/dtcarrot/.espressif/tools/xtensa-esp32-elf/esp32-2019r1-8.2.0/xtensa-esp32-elf/bin/xtensa-esp32-elf-g++    -mlongcalls -Wno-frame-address    -std=c++14 -o CMakeFiles/cmTC_d3c72.dir/feature_tests.cxx.obj -c /home/dtcarrot/esp/web_server/build/CMakeFiles/feature_tests.cxx
Linking CXX executable cmTC_d3c72
/usr/bin/cmake -E cmake_link_script CMakeFiles/cmTC_d3c72.dir/link.txt --verbose=1
/home/dtcarrot/.espressif/tools/xtensa-esp32-elf/esp32-2019r1-8.2.0/xtensa-esp32-elf/bin/xtensa-esp32-elf-g++  -mlongcalls -Wno-frame-address   -nostdlib  CMakeFiles/cmTC_d3c72.dir/feature_tests.cxx.obj  -o cmTC_d3c72 
/home/dtcarrot/.espressif/tools/xtensa-esp32-elf/esp32-2019r1-8.2.0/xtensa-esp32-elf/bin/../lib/gcc/xtensa-esp32-elf/8.2.0/../../../../xtensa-esp32-elf/bin/ld: warning: cannot find entry symbol _start; defaulting to 0000000000400054
make[1]: Leaving directory '/home/dtcarrot/esp/web_server/build/CMakeFiles/CMakeTmp'


    Feature record: CXX_FEATURE:1cxx_aggregate_default_initializers
    Feature record: CXX_FEATURE:1cxx_alias_templates
    Feature record: CXX_FEATURE:1cxx_alignas
    Feature record: CXX_FEATURE:1cxx_alignof
    Feature record: CXX_FEATURE:1cxx_attributes
    Feature record: CXX_FEATURE:1cxx_attribute_deprecated
    Feature record: CXX_FEATURE:1cxx_auto_type
    Feature record: CXX_FEATURE:1cxx_binary_literals
    Feature record: CXX_FEATURE:1cxx_constexpr
    Feature record: CXX_FEATURE:1cxx_contextual_conversions
    Feature record: CXX_FEATURE:1cxx_decltype
    Feature record: CXX_FEATURE:1cxx_decltype_auto
    Feature record: CXX_FEATURE:1cxx_decltype_incomplete_return_types
    Feature record: CXX_FEATURE:1cxx_default_function_template_args
    Feature record: CXX_FEATURE:1cxx_defaulted_functions
    Feature record: CXX_FEATURE:1cxx_defaulted_move_initializers
    Feature record: CXX_FEATURE:1cxx_delegating_constructors
    Feature record: CXX_FEATURE:1cxx_deleted_functions
    Feature record: CXX_FEATURE:1cxx_digit_separators
    Feature record: CXX_FEATURE:1cxx_enum_forward_declarations
    Feature record: CXX_FEATURE:1cxx_explicit_conversions
    Feature record: CXX_FEATURE:1cxx_extended_friend_declarations
    Feature record: CXX_FEATURE:1cxx_extern_templates
    Feature record: CXX_FEATURE:1cxx_final
    Feature record: CXX_FEATURE:1cxx_func_identifier
    Feature record: CXX_FEATURE:1cxx_generalized_initializers
    Feature record: CXX_FEATURE:1cxx_generic_lambdas
    Feature record: CXX_FEATURE:1cxx_inheriting_constructors
    Feature record: CXX_FEATURE:1cxx_inline_namespaces
    Feature record: CXX_FEATURE:1cxx_lambdas
    Feature record: CXX_FEATURE:1cxx_lambda_init_captures
    Feature record: CXX_FEATURE:1cxx_local_type_template_args
    Feature record: CXX_FEATURE:1cxx_long_long_type
    Feature record: CXX_FEATURE:1cxx_noexcept
    Feature record: CXX_FEATURE:1cxx_nonstatic_member_init
    Feature record: CXX_FEATURE:1cxx_nullptr
    Feature record: CXX_FEATURE:1cxx_override
    Feature record: CXX_FEATURE:1cxx_range_for
    Feature record: CXX_FEATURE:1cxx_raw_string_literals
    Feature record: CXX_FEATURE:1cxx_reference_qualified_functions
    Feature record: CXX_FEATURE:1cxx_relaxed_constexpr
    Feature record: CXX_FEATURE:1cxx_return_type_deduction
    Feature record: CXX_FEATURE:1cxx_right_angle_brackets
    Feature record: CXX_FEATURE:1cxx_rvalue_references
    Feature record: CXX_FEATURE:1cxx_sizeof_member
    Feature record: CXX_FEATURE:1cxx_static_assert
    Feature record: CXX_FEATURE:1cxx_strong_enums
    Feature record: CXX_FEATURE:1cxx_template_template_parameters
    Feature record: CXX_FEATURE:1cxx_thread_local
    Feature record: CXX_FEATURE:1cxx_trailing_return_types
    Feature record: CXX_FEATURE:1cxx_unicode_literals
    Feature record: CXX_FEATURE:1cxx_uniform_initialization
    Feature record: CXX_FEATURE:1cxx_unrestricted_unions
    Feature record: CXX_FEATURE:1cxx_user_literals
    Feature record: CXX_FEATURE:1cxx_variable_templates
    Feature record: CXX_FEATURE:1cxx_variadic_macros
    Feature record: CXX_FEATURE:1cxx_variadic_templates


Detecting CXX [-std=c++11] compiler features compiled with the following output:
Change Dir: /home/dtcarrot/esp/web_server/build/CMakeFiles/CMakeTmp

Run Build Command:"/usr/bin/make" "cmTC_8b546/fast"
/usr/bin/make -f CMakeFiles/cmTC_8b546.dir/build.make CMakeFiles/cmTC_8b546.dir/build
make[1]: Entering directory '/home/dtcarrot/esp/web_server/build/CMakeFiles/CMakeTmp'
Building CXX object CMakeFiles/cmTC_8b546.dir/feature_tests.cxx.obj
/home/dtcarrot/.espressif/tools/xtensa-esp32-elf/esp32-2019r1-8.2.0/xtensa-esp32-elf/bin/xtensa-esp32-elf-g++    -mlongcalls -Wno-frame-address    -std=c++11 -o CMakeFiles/cmTC_8b546.dir/feature_tests.cxx.obj -c /home/dtcarrot/esp/web_server/build/CMakeFiles/feature_tests.cxx
Linking CXX executable cmTC_8b546
/usr/bin/cmake -E cmake_link_script CMakeFiles/cmTC_8b546.dir/link.txt --verbose=1
/home/dtcarrot/.espressif/tools/xtensa-esp32-elf/esp32-2019r1-8.2.0/xtensa-esp32-elf/bin/xtensa-esp32-elf-g++  -mlongcalls -Wno-frame-address   -nostdlib  CMakeFiles/cmTC_8b546.dir/feature_tests.cxx.obj  -o cmTC_8b546 
/home/dtcarrot/.espressif/tools/xtensa-esp32-elf/esp32-2019r1-8.2.0/xtensa-esp32-elf/bin/../lib/gcc/xtensa-esp32-elf/8.2.0/../../../../xtensa-esp32-elf/bin/ld: warning: cannot find entry symbol _start; defaulting to 0000000000400054
make[1]: Leaving directory '/home/dtcarrot/esp/web_server/build/CMakeFiles/CMakeTmp'


    Feature record: CXX_FEATURE:0cxx_aggregate_default_initializers
    Feature record: CXX_FEATURE:1cxx_alias_templates
    Feature record: CXX_FEATURE:1cxx_alignas
    Feature record: CXX_FEATURE:1cxx_alignof
    Feature record: CXX_FEATURE:1cxx_attributes
    Feature record: CXX_FEATURE:0cxx_attribute_deprecated
    Feature record: CXX_FEATURE:1cxx_auto_type
    Feature record: CXX_FEATURE:0cxx_binary_literals
    Feature record: CXX_FEATURE:1cxx_constexpr
    Feature record: CXX_FEATURE:0cxx_contextual_conversions
    Feature record: CXX_FEATURE:1cxx_decltype
    Feature record: CXX_FEATURE:0cxx_decltype_auto
    Feature record: CXX_FEATURE:1cxx_decltype_incomplete_return_types
    Feature record: CXX_FEATURE:1cxx_default_function_template_args
    Feature record: CXX_FEATURE:1cxx_defaulted_functions
    Feature record: CXX_FEATURE:1cxx_defaulted_move_initializers
    Feature record: CXX_FEATURE:1cxx_delegating_constructors
    Feature record: CXX_FEATURE:1cxx_deleted_functions
    Feature record: CXX_FEATURE:0cxx_digit_separators
    Feature record: CXX_FEATURE:1cxx_enum_forward_declarations
    Feature record: CXX_FEATURE:1cxx_explicit_conversions
    Feature record: CXX_FEATURE:1cxx_extended_friend_declarations
    Feature record: CXX_FEATURE:1cxx_extern_templates
    Feature record: CXX_FEATURE:1cxx_final
    Feature record: CXX_FEATURE:1cxx_func_identifier
    Feature record: CXX_FEATURE:1cxx_generalized_initializers
    Feature record: CXX_FEATURE:0cxx_generic_lambdas
    Feature record: CXX_FEATURE:1cxx_inheriting_constructors
    Feature record: CXX_FEATURE:1cxx_inline_namespaces
    Feature record: CXX_FEATURE:1cxx_lambdas
    Feature record: CXX_FEATURE:0cxx_lambda_init_captures
    Feature record: CXX_FEATURE:1cxx_local_type_template_args
    Feature record: CXX_FEATURE:1cxx_long_long_type
    Feature record: CXX_FEATURE:1cxx_noexcept
    Feature record: CXX_FEATURE:1cxx_nonstatic_member_init
    Feature record: CXX_FEATURE:1cxx_nullptr
    Feature record: CXX_FEATURE:1cxx_override
    Feature record: CXX_FEATURE:1cxx_range_for
    Feature record: CXX_FEATURE:1cxx_raw_string_literals
    Feature record: CXX_FEATURE:1cxx_reference_qualified_functions
    Feature record: CXX_FEATURE:0cxx_relaxed_constexpr
    Feature record: CXX_FEATURE:0cxx_return_type_deduction
    Feature record: CXX_FEATURE:1cxx_right_angle_brackets
    Feature record: CXX_FEATURE:1cxx_rvalue_references
    Feature record: CXX_FEATURE:1cxx_sizeof_member
    Feature record: CXX_FEATURE:1cxx_static_assert
    Feature record: CXX_FEATURE:1cxx_strong_enums
    Feature record: CXX_FEATURE:1cxx_template_template_parameters
    Feature record: CXX_FEATURE:1cxx_thread_local
    Feature record: CXX_FEATURE:1cxx_trailing_return_types
    Feature record: CXX_FEATURE:1cxx_unicode_literals
    Feature record: CXX_FEATURE:1cxx_uniform_initialization
    Feature record: CXX_FEATURE:1cxx_unrestricted_unions
    Feature record: CXX_FEATURE:1cxx_user_literals
    Feature record: CXX_FEATURE:0cxx_variable_templates
    Feature record: CXX_FEATURE:1cxx_variadic_macros
    Feature record: CXX_FEATURE:1cxx_variadic_templates


Detecting CXX [-std=c++98] compiler features compiled with the following output:
Change Dir: /home/dtcarrot/esp/web_server/build/CMakeFiles/CMakeTmp

Run Build Command:"/usr/bin/make" "cmTC_a345c/fast"
/usr/bin/make -f CMakeFiles/cmTC_a345c.dir/build.make CMakeFiles/cmTC_a345c.dir/build
make[1]: Entering directory '/home/dtcarrot/esp/web_server/build/CMakeFiles/CMakeTmp'
Building CXX object CMakeFiles/cmTC_a345c.dir/feature_tests.cxx.obj
/home/dtcarrot/.espressif/tools/xtensa-esp32-elf/esp32-2019r1-8.2.0/xtensa-esp32-elf/bin/xtensa-esp32-elf-g++    -mlongcalls -Wno-frame-address    -std=c++98 -o CMakeFiles/cmTC_a345c.dir/feature_tests.cxx.obj -c /home/dtcarrot/esp/web_server/build/CMakeFiles/feature_tests.cxx
Linking CXX executable cmTC_a345c
/usr/bin/cmake -E cmake_link_script CMakeFiles/cmTC_a345c.dir/link.txt --verbose=1
/home/dtcarrot/.espressif/tools/xtensa-esp32-elf/esp32-2019r1-8.2.0/xtensa-esp32-elf/bin/xtensa-esp32-elf-g++  -mlongcalls -Wno-frame-address   -nostdlib  CMakeFiles/cmTC_a345c.dir/feature_tests.cxx.obj  -o cmTC_a345c 
/home/dtcarrot/.espressif/tools/xtensa-esp32-elf/esp32-2019r1-8.2.0/xtensa-esp32-elf/bin/../lib/gcc/xtensa-esp32-elf/8.2.0/../../../../xtensa-esp32-elf/bin/ld: warning: cannot find entry symbol _start; defaulting to 0000000000400054
make[1]: Leaving directory '/home/dtcarrot/esp/web_server/build/CMakeFiles/CMakeTmp'


    Feature record: CXX_FEATURE:0cxx_aggregate_default_initializers
    Feature record: CXX_FEATURE:0cxx_alias_templates
    Feature record: CXX_FEATURE:0cxx_alignas
    Feature record: CXX_FEATURE:0cxx_alignof
    Feature record: CXX_FEATURE:0cxx_attributes
    Feature record: CXX_FEATURE:0cxx_attribute_deprecated
    Feature record: CXX_FEATURE:0cxx_auto_type
    Feature record: CXX_FEATURE:0cxx_binary_literals
    Feature record: CXX_FEATURE:0cxx_constexpr
    Feature record: CXX_FEATURE:0cxx_contextual_conversions
    Feature record: CXX_FEATURE:0cxx_decltype
    Feature record: CXX_FEATURE:0cxx_decltype_auto
    Feature record: CXX_FEATURE:0cxx_decltype_incomplete_return_types
    Feature record: CXX_FEATURE:0cxx_default_function_template_args
    Feature record: CXX_FEATURE:0cxx_defaulted_functions
    Feature record: CXX_FEATURE:0cxx_defaulted_move_initializers
    Feature record: CXX_FEATURE:0cxx_delegating_constructors
    Feature record: CXX_FEATURE:0cxx_deleted_functions
    Feature record: CXX_FEATURE:0cxx_digit_separators
    Feature record: CXX_FEATURE:0cxx_enum_forward_declarations
    Feature record: CXX_FEATURE:0cxx_explicit_conversions
    Feature record: CXX_FEATURE:0cxx_extended_friend_declarations
    Feature record: CXX_FEATURE:0cxx_extern_templates
    Feature record: CXX_FEATURE:0cxx_final
    Feature record: CXX_FEATURE:0cxx_func_identifier
    Feature record: CXX_FEATURE:0cxx_generalized_initializers
    Feature record: CXX_FEATURE:0cxx_generic_lambdas
    Feature record: CXX_FEATURE:0cxx_inheriting_constructors
    Feature record: CXX_FEATURE:0cxx_inline_namespaces
    Feature record: CXX_FEATURE:0cxx_lambdas
    Feature record: CXX_FEATURE:0cxx_lambda_init_captures
    Feature record: CXX_FEATURE:0cxx_local_type_template_args
    Feature record: CXX_FEATURE:0cxx_long_long_type
    Feature record: CXX_FEATURE:0cxx_noexcept
    Feature record: CXX_FEATURE:0cxx_nonstatic_member_init
    Feature record: CXX_FEATURE:0cxx_nullptr
    Feature record: CXX_FEATURE:0cxx_override
    Feature record: CXX_FEATURE:0cxx_range_for
    Feature record: CXX_FEATURE:0cxx_raw_string_literals
    Feature record: CXX_FEATURE:0cxx_reference_qualified_functions
    Feature record: CXX_FEATURE:0cxx_relaxed_constexpr
    Feature record: CXX_FEATURE:0cxx_return_type_deduction
    Feature record: CXX_FEATURE:0cxx_right_angle_brackets
    Feature record: CXX_FEATURE:0cxx_rvalue_references
    Feature record: CXX_FEATURE:0cxx_sizeof_member
    Feature record: CXX_FEATURE:0cxx_static_assert
    Feature record: CXX_FEATURE:0cxx_strong_enums
    Feature record: CXX_FEATURE:1cxx_template_template_parameters
    Feature record: CXX_FEATURE:0cxx_thread_local
    Feature record: CXX_FEATURE:0cxx_trailing_return_types
    Feature record: CXX_FEATURE:0cxx_unicode_literals
    Feature record: CXX_FEATURE:0cxx_uniform_initialization
    Feature record: CXX_FEATURE:0cxx_unrestricted_unions
    Feature record: CXX_FEATURE:0cxx_user_literals
    Feature record: CXX_FEATURE:0cxx_variable_templates
    Feature record: CXX_FEATURE:0cxx_variadic_macros
    Feature record: CXX_FEATURE:0cxx_variadic_templates
